<?xml version="1.0" encoding="UTF-8"?>
<testsuite name="de.lancom.systems.stomp.spring.ProducerTest" tests="1" skipped="0" failures="0" errors="0" timestamp="2016-09-10T16:28:37" hostname="frederic-pc" time="0.561">
  <properties/>
  <testcase name="test" classname="de.lancom.systems.stomp.spring.ProducerTest" time="0.561"/>
  <system-out><![CDATA[]]></system-out>
  <system-err><![CDATA[log4j:WARN No appenders could be found for logger (org.springframework.test.context.junit4.SpringJUnit4ClassRunner).
log4j:WARN Please initialize the log4j system properly.
log4j:WARN See http://logging.apache.org/log4j/1.2/faq.html#noconfig for more info.
]]></system-err>
</testsuite>
