<?xml version="1.0" encoding="UTF-8"?>
<testsuite name="de.lancom.systems.stomp.core.wire.InputStreamTest" tests="3" skipped="0" failures="0" errors="0" timestamp="2016-09-09T11:56:39" hostname="frederic-pc" time="0.494">
  <properties/>
  <testcase name="readQueue" classname="de.lancom.systems.stomp.core.wire.InputStreamTest" time="0.204"/>
  <testcase name="readTopic" classname="de.lancom.systems.stomp.core.wire.InputStreamTest" time="0.249"/>
  <testcase name="sendMessage" classname="de.lancom.systems.stomp.core.wire.InputStreamTest" time="0.04"/>
  <system-out><![CDATA[2016-09-09 13:56:39 INFO  BrokerService:670 - Using Persistence Adapter: MemoryPersistenceAdapter
2016-09-09 13:56:39 INFO  ManagementContext:155 - JMX consoles can connect to service:jmx:rmi:///jndi/rmi://localhost:1099/jmxrmi
2016-09-09 13:56:39 INFO  BrokerService:733 - Apache ActiveMQ 5.14.0 (localhost, ID:frederic-pc-42771-1473422199282-0:1) is starting
2016-09-09 13:56:39 INFO  TransportServerThreadSupport:69 - Listening for connections at: stomp+nio://localhost:35221
2016-09-09 13:56:39 INFO  TransportConnector:263 - Connector stomp+nio://localhost:35221 started
2016-09-09 13:56:39 INFO  BrokerService:760 - Apache ActiveMQ 5.14.0 (localhost, ID:frederic-pc-42771-1473422199282-0:1) started
2016-09-09 13:56:39 INFO  BrokerService:761 - For help or more information please see: http://activemq.apache.org
2016-09-09 13:56:39 WARN  BrokerService:2098 - Temporary Store limit is 51200 mb (current store usage is 0 mb). The data directory: /home/frederic/Projekte/lancom/stomp/core only has 10863 mb of usable space. - resetting to maximum available disk space: 10863 mb
2016-09-09 13:56:39 INFO  InputStreamTest$LoggingExchangeInterceptor:160 - Exchange intercepted: StompExchange(url=stomp://localhost:35221/queue/e586aae0-9c33-454a-aade-fcd0e5312c10, meta={}, state=PREPARE, request=ConnectFrame(action=CONNECT, body=null, headers={}), response=null)
2016-09-09 13:56:39 INFO  InputStreamTest$LoggingExchangeInterceptor:160 - Exchange intercepted: StompExchange(url=stomp://localhost:35221/queue/e586aae0-9c33-454a-aade-fcd0e5312c10, meta={}, state=PENDING, request=ConnectFrame(action=CONNECT, body=null, headers={}), response=null)
2016-09-09 13:56:39 INFO  InputStreamTest$LoggingExchangeInterceptor:160 - Exchange intercepted: StompExchange(url=stomp://localhost:35221/queue/e586aae0-9c33-454a-aade-fcd0e5312c10, meta={}, state=SUCCESS, request=ConnectFrame(action=CONNECT, body=null, headers={}), response=ConnectedFrame(action=CONNECTED, body=null, headers={server=ActiveMQ/5.14.0, heart-beat=0,0, session=ID:frederic-pc-42771-1473422199282-3:1, version=1.0}))
2016-09-09 13:56:39 INFO  InputStreamTest$LoggingExchangeInterceptor:160 - Exchange intercepted: StompExchange(url=stomp://localhost:35221/queue/e586aae0-9c33-454a-aade-fcd0e5312c10, meta={}, state=PREPARE, request=SubscribeFrame(action=SUBSCRIBE, body=null, headers={destination=/queue/e586aae0-9c33-454a-aade-fcd0e5312c10, ack=client-individual, receipt=f50d3365-74ab-490a-9a2f-a7ee6be477a5, id=057f55f5-03dc-4f17-98ad-5ff2cc0963d6}), response=null)
2016-09-09 13:56:39 INFO  InputStreamTest$LoggingExchangeInterceptor:160 - Exchange intercepted: StompExchange(url=stomp://localhost:35221/queue/e586aae0-9c33-454a-aade-fcd0e5312c10, meta={}, state=PENDING, request=SubscribeFrame(action=SUBSCRIBE, body=null, headers={destination=/queue/e586aae0-9c33-454a-aade-fcd0e5312c10, ack=client-individual, receipt=f50d3365-74ab-490a-9a2f-a7ee6be477a5, id=057f55f5-03dc-4f17-98ad-5ff2cc0963d6}), response=null)
2016-09-09 13:56:39 INFO  InputStreamTest$LoggingExchangeInterceptor:160 - Exchange intercepted: StompExchange(url=stomp://localhost:35221/queue/e586aae0-9c33-454a-aade-fcd0e5312c10, meta={}, state=SUCCESS, request=SubscribeFrame(action=SUBSCRIBE, body=null, headers={destination=/queue/e586aae0-9c33-454a-aade-fcd0e5312c10, ack=client-individual, receipt=f50d3365-74ab-490a-9a2f-a7ee6be477a5, id=057f55f5-03dc-4f17-98ad-5ff2cc0963d6}), response=ReceiptFrame(action=RECEIPT, body=null, headers={receipt-id=f50d3365-74ab-490a-9a2f-a7ee6be477a5}))
2016-09-09 13:56:39 INFO  InputStreamTest$LoggingExchangeInterceptor:160 - Exchange intercepted: StompExchange(url=stomp://localhost:35221/queue/e586aae0-9c33-454a-aade-fcd0e5312c10, meta={}, state=PREPARE, request=SendFrame(action=SEND, body=bce0199e-7fdb-4e32-8431-c0b6dce1612c, headers={destination=/queue/e586aae0-9c33-454a-aade-fcd0e5312c10, receipt=e370bcad-7b7d-40e0-9037-f6e96919ca42}), response=null)
2016-09-09 13:56:39 INFO  InputStreamTest$LoggingExchangeInterceptor:160 - Exchange intercepted: StompExchange(url=stomp://localhost:35221/queue/e586aae0-9c33-454a-aade-fcd0e5312c10, meta={}, state=PENDING, request=SendFrame(action=SEND, body=bce0199e-7fdb-4e32-8431-c0b6dce1612c, headers={content-length=36, destination=/queue/e586aae0-9c33-454a-aade-fcd0e5312c10, receipt=e370bcad-7b7d-40e0-9037-f6e96919ca42}), response=null)
2016-09-09 13:56:39 INFO  InputStreamTest$LoggingExchangeInterceptor:160 - Exchange intercepted: StompExchange(url=stomp://localhost:35221/queue/e586aae0-9c33-454a-aade-fcd0e5312c10, meta={}, state=SUCCESS, request=SendFrame(action=SEND, body=bce0199e-7fdb-4e32-8431-c0b6dce1612c, headers={content-length=36, destination=/queue/e586aae0-9c33-454a-aade-fcd0e5312c10, receipt=e370bcad-7b7d-40e0-9037-f6e96919ca42}), response=ReceiptFrame(action=RECEIPT, body=null, headers={receipt-id=e370bcad-7b7d-40e0-9037-f6e96919ca42}))
2016-09-09 13:56:39 INFO  InputStreamTest$LoggingExchangeInterceptor:160 - Exchange intercepted: StompExchange(url=stomp://localhost:35221/queue/e586aae0-9c33-454a-aade-fcd0e5312c10, meta={}, state=PREPARE, request=UnsubscribeFrame(action=UNSUBSCRIBE, body=null, headers={receipt=8cddf4f2-58c3-4dd9-bc21-f2aa338e520b, id=057f55f5-03dc-4f17-98ad-5ff2cc0963d6}), response=null)
2016-09-09 13:56:39 INFO  InputStreamTest$LoggingExchangeInterceptor:160 - Exchange intercepted: StompExchange(url=stomp://localhost:35221/queue/e586aae0-9c33-454a-aade-fcd0e5312c10, meta={}, state=PENDING, request=UnsubscribeFrame(action=UNSUBSCRIBE, body=null, headers={receipt=8cddf4f2-58c3-4dd9-bc21-f2aa338e520b, id=057f55f5-03dc-4f17-98ad-5ff2cc0963d6}), response=null)
2016-09-09 13:56:39 INFO  InputStreamTest$LoggingExchangeInterceptor:160 - Exchange intercepted: StompExchange(url=stomp://localhost:35221/queue/e586aae0-9c33-454a-aade-fcd0e5312c10, meta={}, state=SUCCESS, request=UnsubscribeFrame(action=UNSUBSCRIBE, body=null, headers={receipt=8cddf4f2-58c3-4dd9-bc21-f2aa338e520b, id=057f55f5-03dc-4f17-98ad-5ff2cc0963d6}), response=ReceiptFrame(action=RECEIPT, body=null, headers={receipt-id=8cddf4f2-58c3-4dd9-bc21-f2aa338e520b}))
2016-09-09 13:56:39 INFO  InputStreamTest$LoggingExchangeInterceptor:160 - Exchange intercepted: StompExchange(url=stomp://localhost:35221/topic/0f553b5e-62dd-4d94-bdd5-785fe3118877, meta={}, state=PREPARE, request=SubscribeFrame(action=SUBSCRIBE, body=null, headers={destination=/topic/0f553b5e-62dd-4d94-bdd5-785fe3118877, receipt=1fe88fa4-9e27-415d-b2a2-7cbbe7a0f03b, id=a08d356b-9f5b-4ea3-8e23-70349925fba4}), response=null)
2016-09-09 13:56:39 INFO  InputStreamTest$LoggingExchangeInterceptor:160 - Exchange intercepted: StompExchange(url=stomp://localhost:35221/topic/0f553b5e-62dd-4d94-bdd5-785fe3118877, meta={}, state=PENDING, request=SubscribeFrame(action=SUBSCRIBE, body=null, headers={destination=/topic/0f553b5e-62dd-4d94-bdd5-785fe3118877, receipt=1fe88fa4-9e27-415d-b2a2-7cbbe7a0f03b, id=a08d356b-9f5b-4ea3-8e23-70349925fba4}), response=null)
2016-09-09 13:56:39 INFO  InputStreamTest$LoggingExchangeInterceptor:160 - Exchange intercepted: StompExchange(url=stomp://localhost:35221/topic/0f553b5e-62dd-4d94-bdd5-785fe3118877, meta={}, state=SUCCESS, request=SubscribeFrame(action=SUBSCRIBE, body=null, headers={destination=/topic/0f553b5e-62dd-4d94-bdd5-785fe3118877, receipt=1fe88fa4-9e27-415d-b2a2-7cbbe7a0f03b, id=a08d356b-9f5b-4ea3-8e23-70349925fba4}), response=ReceiptFrame(action=RECEIPT, body=null, headers={receipt-id=1fe88fa4-9e27-415d-b2a2-7cbbe7a0f03b}))
2016-09-09 13:56:39 INFO  InputStreamTest$LoggingExchangeInterceptor:160 - Exchange intercepted: StompExchange(url=stomp://localhost:35221/topic/0f553b5e-62dd-4d94-bdd5-785fe3118877, meta={}, state=PREPARE, request=SubscribeFrame(action=SUBSCRIBE, body=null, headers={destination=/topic/0f553b5e-62dd-4d94-bdd5-785fe3118877, receipt=44b1451d-501d-47e4-841f-6a35c5dc8f78, id=ded654af-4ffc-4ae7-899b-555aa576e109}), response=null)
2016-09-09 13:56:39 INFO  InputStreamTest$LoggingExchangeInterceptor:160 - Exchange intercepted: StompExchange(url=stomp://localhost:35221/topic/0f553b5e-62dd-4d94-bdd5-785fe3118877, meta={}, state=PENDING, request=SubscribeFrame(action=SUBSCRIBE, body=null, headers={destination=/topic/0f553b5e-62dd-4d94-bdd5-785fe3118877, receipt=44b1451d-501d-47e4-841f-6a35c5dc8f78, id=ded654af-4ffc-4ae7-899b-555aa576e109}), response=null)
2016-09-09 13:56:39 INFO  InputStreamTest$LoggingExchangeInterceptor:160 - Exchange intercepted: StompExchange(url=stomp://localhost:35221/topic/0f553b5e-62dd-4d94-bdd5-785fe3118877, meta={}, state=SUCCESS, request=SubscribeFrame(action=SUBSCRIBE, body=null, headers={destination=/topic/0f553b5e-62dd-4d94-bdd5-785fe3118877, receipt=44b1451d-501d-47e4-841f-6a35c5dc8f78, id=ded654af-4ffc-4ae7-899b-555aa576e109}), response=ReceiptFrame(action=RECEIPT, body=null, headers={receipt-id=44b1451d-501d-47e4-841f-6a35c5dc8f78}))
2016-09-09 13:56:39 INFO  InputStreamTest$LoggingExchangeInterceptor:160 - Exchange intercepted: StompExchange(url=stomp://localhost:35221/topic/0f553b5e-62dd-4d94-bdd5-785fe3118877, meta={}, state=PREPARE, request=SendFrame(action=SEND, body=37921efc-1791-4be4-92bc-c8dc193feec4, headers={destination=/topic/0f553b5e-62dd-4d94-bdd5-785fe3118877, receipt=b35e1df1-fec5-4d96-a463-5361ce51fcea}), response=null)
2016-09-09 13:56:39 INFO  InputStreamTest$LoggingExchangeInterceptor:160 - Exchange intercepted: StompExchange(url=stomp://localhost:35221/topic/0f553b5e-62dd-4d94-bdd5-785fe3118877, meta={}, state=PENDING, request=SendFrame(action=SEND, body=37921efc-1791-4be4-92bc-c8dc193feec4, headers={content-length=36, destination=/topic/0f553b5e-62dd-4d94-bdd5-785fe3118877, receipt=b35e1df1-fec5-4d96-a463-5361ce51fcea}), response=null)
2016-09-09 13:56:39 INFO  InputStreamTest$LoggingExchangeInterceptor:160 - Exchange intercepted: StompExchange(url=stomp://localhost:35221/topic/0f553b5e-62dd-4d94-bdd5-785fe3118877, meta={}, state=SUCCESS, request=SendFrame(action=SEND, body=37921efc-1791-4be4-92bc-c8dc193feec4, headers={content-length=36, destination=/topic/0f553b5e-62dd-4d94-bdd5-785fe3118877, receipt=b35e1df1-fec5-4d96-a463-5361ce51fcea}), response=ReceiptFrame(action=RECEIPT, body=null, headers={receipt-id=b35e1df1-fec5-4d96-a463-5361ce51fcea}))
2016-09-09 13:56:39 INFO  InputStreamTest$LoggingExchangeInterceptor:160 - Exchange intercepted: StompExchange(url=stomp://localhost:35221/topic/0f553b5e-62dd-4d94-bdd5-785fe3118877, meta={}, state=PREPARE, request=UnsubscribeFrame(action=UNSUBSCRIBE, body=null, headers={receipt=ad18e5c5-2a1f-4df7-ab52-f9e0556be673, id=a08d356b-9f5b-4ea3-8e23-70349925fba4}), response=null)
2016-09-09 13:56:39 INFO  InputStreamTest$LoggingExchangeInterceptor:160 - Exchange intercepted: StompExchange(url=stomp://localhost:35221/topic/0f553b5e-62dd-4d94-bdd5-785fe3118877, meta={}, state=PENDING, request=UnsubscribeFrame(action=UNSUBSCRIBE, body=null, headers={receipt=ad18e5c5-2a1f-4df7-ab52-f9e0556be673, id=a08d356b-9f5b-4ea3-8e23-70349925fba4}), response=null)
2016-09-09 13:56:39 INFO  InputStreamTest$LoggingExchangeInterceptor:160 - Exchange intercepted: StompExchange(url=stomp://localhost:35221/topic/0f553b5e-62dd-4d94-bdd5-785fe3118877, meta={}, state=SUCCESS, request=UnsubscribeFrame(action=UNSUBSCRIBE, body=null, headers={receipt=ad18e5c5-2a1f-4df7-ab52-f9e0556be673, id=a08d356b-9f5b-4ea3-8e23-70349925fba4}), response=ReceiptFrame(action=RECEIPT, body=null, headers={receipt-id=ad18e5c5-2a1f-4df7-ab52-f9e0556be673}))
2016-09-09 13:56:39 INFO  InputStreamTest$LoggingExchangeInterceptor:160 - Exchange intercepted: StompExchange(url=stomp://localhost:35221/topic/0f553b5e-62dd-4d94-bdd5-785fe3118877, meta={}, state=PREPARE, request=UnsubscribeFrame(action=UNSUBSCRIBE, body=null, headers={receipt=0cfa5c25-1356-4948-9cbd-fd830559e0ce, id=ded654af-4ffc-4ae7-899b-555aa576e109}), response=null)
2016-09-09 13:56:39 INFO  InputStreamTest$LoggingExchangeInterceptor:160 - Exchange intercepted: StompExchange(url=stomp://localhost:35221/topic/0f553b5e-62dd-4d94-bdd5-785fe3118877, meta={}, state=PENDING, request=UnsubscribeFrame(action=UNSUBSCRIBE, body=null, headers={receipt=0cfa5c25-1356-4948-9cbd-fd830559e0ce, id=ded654af-4ffc-4ae7-899b-555aa576e109}), response=null)
2016-09-09 13:56:39 INFO  InputStreamTest$LoggingExchangeInterceptor:160 - Exchange intercepted: StompExchange(url=stomp://localhost:35221/topic/0f553b5e-62dd-4d94-bdd5-785fe3118877, meta={}, state=SUCCESS, request=UnsubscribeFrame(action=UNSUBSCRIBE, body=null, headers={receipt=0cfa5c25-1356-4948-9cbd-fd830559e0ce, id=ded654af-4ffc-4ae7-899b-555aa576e109}), response=ReceiptFrame(action=RECEIPT, body=null, headers={receipt-id=0cfa5c25-1356-4948-9cbd-fd830559e0ce}))
2016-09-09 13:56:39 INFO  InputStreamTest$LoggingExchangeInterceptor:160 - Exchange intercepted: StompExchange(url=stomp://localhost:35221/topic/f78071c5-8665-4796-b1f0-3f530a0c5baf, meta={}, state=PREPARE, request=SendFrame(action=SEND, body=Test, headers={destination=/topic/f78071c5-8665-4796-b1f0-3f530a0c5baf, receipt=36659d81-9ede-47ac-ae75-9651e902e6c4}), response=null)
2016-09-09 13:56:39 INFO  InputStreamTest$LoggingExchangeInterceptor:160 - Exchange intercepted: StompExchange(url=stomp://localhost:35221/topic/f78071c5-8665-4796-b1f0-3f530a0c5baf, meta={}, state=PENDING, request=SendFrame(action=SEND, body=Test, headers={content-length=4, destination=/topic/f78071c5-8665-4796-b1f0-3f530a0c5baf, receipt=36659d81-9ede-47ac-ae75-9651e902e6c4}), response=null)
2016-09-09 13:56:39 INFO  InputStreamTest$LoggingExchangeInterceptor:160 - Exchange intercepted: StompExchange(url=stomp://localhost:35221/topic/f78071c5-8665-4796-b1f0-3f530a0c5baf, meta={}, state=SUCCESS, request=SendFrame(action=SEND, body=Test, headers={content-length=4, destination=/topic/f78071c5-8665-4796-b1f0-3f530a0c5baf, receipt=36659d81-9ede-47ac-ae75-9651e902e6c4}), response=ReceiptFrame(action=RECEIPT, body=null, headers={receipt-id=36659d81-9ede-47ac-ae75-9651e902e6c4}))
2016-09-09 13:56:39 INFO  InputStreamTest$LoggingExchangeInterceptor:160 - Exchange intercepted: StompExchange(url=stomp://localhost:35221/, meta={}, state=PREPARE, request=UnsubscribeFrame(action=UNSUBSCRIBE, body=null, headers={receipt=7973280e-f44e-4c0d-bb60-cb3cef4033f1, id=057f55f5-03dc-4f17-98ad-5ff2cc0963d6}), response=null)
2016-09-09 13:56:39 INFO  InputStreamTest$LoggingExchangeInterceptor:160 - Exchange intercepted: StompExchange(url=stomp://localhost:35221/, meta={}, state=PENDING, request=UnsubscribeFrame(action=UNSUBSCRIBE, body=null, headers={receipt=7973280e-f44e-4c0d-bb60-cb3cef4033f1, id=057f55f5-03dc-4f17-98ad-5ff2cc0963d6}), response=null)
2016-09-09 13:56:39 WARN  ProtocolConverter:285 - Exception occurred processing: <Unknown> -> org.apache.activemq.transport.stomp.ProtocolException: No subscription matched.
2016-09-09 13:56:41 INFO  InputStreamTest$LoggingExchangeInterceptor:160 - Exchange intercepted: StompExchange(url=stomp://localhost:35221/, meta={}, state=ERROR, request=UnsubscribeFrame(action=UNSUBSCRIBE, body=null, headers={receipt=7973280e-f44e-4c0d-bb60-cb3cef4033f1, id=057f55f5-03dc-4f17-98ad-5ff2cc0963d6}), response=null)
2016-09-09 13:56:41 INFO  InputStreamTest$LoggingExchangeInterceptor:160 - Exchange intercepted: StompExchange(url=stomp://localhost:35221/, meta={}, state=PREPARE, request=UnsubscribeFrame(action=UNSUBSCRIBE, body=null, headers={receipt=99268429-24d7-42b1-a30d-695520dc18fb, id=a08d356b-9f5b-4ea3-8e23-70349925fba4}), response=null)
2016-09-09 13:56:41 INFO  InputStreamTest$LoggingExchangeInterceptor:160 - Exchange intercepted: StompExchange(url=stomp://localhost:35221/, meta={}, state=PENDING, request=UnsubscribeFrame(action=UNSUBSCRIBE, body=null, headers={receipt=99268429-24d7-42b1-a30d-695520dc18fb, id=a08d356b-9f5b-4ea3-8e23-70349925fba4}), response=null)
2016-09-09 13:56:41 WARN  ProtocolConverter:285 - Exception occurred processing: <Unknown> -> org.apache.activemq.transport.stomp.ProtocolException: No subscription matched.
2016-09-09 13:56:43 INFO  InputStreamTest$LoggingExchangeInterceptor:160 - Exchange intercepted: StompExchange(url=stomp://localhost:35221/, meta={}, state=ERROR, request=UnsubscribeFrame(action=UNSUBSCRIBE, body=null, headers={receipt=99268429-24d7-42b1-a30d-695520dc18fb, id=a08d356b-9f5b-4ea3-8e23-70349925fba4}), response=null)
2016-09-09 13:56:43 INFO  InputStreamTest$LoggingExchangeInterceptor:160 - Exchange intercepted: StompExchange(url=stomp://localhost:35221/, meta={}, state=PREPARE, request=UnsubscribeFrame(action=UNSUBSCRIBE, body=null, headers={receipt=21b123eb-8a2e-4425-b80d-2084215b25dd, id=ded654af-4ffc-4ae7-899b-555aa576e109}), response=null)
2016-09-09 13:56:43 INFO  InputStreamTest$LoggingExchangeInterceptor:160 - Exchange intercepted: StompExchange(url=stomp://localhost:35221/, meta={}, state=PENDING, request=UnsubscribeFrame(action=UNSUBSCRIBE, body=null, headers={receipt=21b123eb-8a2e-4425-b80d-2084215b25dd, id=ded654af-4ffc-4ae7-899b-555aa576e109}), response=null)
2016-09-09 13:56:43 WARN  ProtocolConverter:285 - Exception occurred processing: <Unknown> -> org.apache.activemq.transport.stomp.ProtocolException: No subscription matched.
2016-09-09 13:56:45 INFO  InputStreamTest$LoggingExchangeInterceptor:160 - Exchange intercepted: StompExchange(url=stomp://localhost:35221/, meta={}, state=ERROR, request=UnsubscribeFrame(action=UNSUBSCRIBE, body=null, headers={receipt=21b123eb-8a2e-4425-b80d-2084215b25dd, id=ded654af-4ffc-4ae7-899b-555aa576e109}), response=null)
2016-09-09 13:56:45 INFO  InputStreamTest$LoggingExchangeInterceptor:160 - Exchange intercepted: StompExchange(url=stomp://localhost:35221/, meta={}, state=PREPARE, request=DisconnectFrame(action=DISCONNECT, body=null, headers={receipt=19f91302-c06c-4912-8c2b-010f6fbbe7f1}), response=null)
2016-09-09 13:56:45 INFO  InputStreamTest$LoggingExchangeInterceptor:160 - Exchange intercepted: StompExchange(url=stomp://localhost:35221/, meta={}, state=PENDING, request=DisconnectFrame(action=DISCONNECT, body=null, headers={receipt=19f91302-c06c-4912-8c2b-010f6fbbe7f1}), response=null)
2016-09-09 13:56:47 INFO  InputStreamTest$LoggingExchangeInterceptor:160 - Exchange intercepted: StompExchange(url=stomp://localhost:35221/, meta={}, state=ERROR, request=DisconnectFrame(action=DISCONNECT, body=null, headers={receipt=19f91302-c06c-4912-8c2b-010f6fbbe7f1}), response=null)
2016-09-09 13:56:47 INFO  BrokerService:807 - Apache ActiveMQ 5.14.0 (localhost, ID:frederic-pc-42771-1473422199282-0:1) is shutting down
2016-09-09 13:56:47 INFO  TransportConnector:294 - Connector stomp+nio://localhost:35221 stopped
2016-09-09 13:56:47 INFO  TcpTransportServer:485 - socketQueue interrupted - stopping
2016-09-09 13:56:47 INFO  TransportConnector:243 - Could not accept connection during shutdown  : {}
java.lang.InterruptedException
	at java.util.concurrent.locks.AbstractQueuedSynchronizer$ConditionObject.reportInterruptAfterWait(AbstractQueuedSynchronizer.java:2014)
	at java.util.concurrent.locks.AbstractQueuedSynchronizer$ConditionObject.awaitNanos(AbstractQueuedSynchronizer.java:2088)
	at java.util.concurrent.LinkedBlockingQueue.poll(LinkedBlockingQueue.java:467)
	at org.apache.activemq.transport.tcp.TcpTransportServer$1.run(TcpTransportServer.java:468)
	at java.lang.Thread.run(Thread.java:745)
2016-09-09 13:56:47 INFO  BrokerService:868 - Apache ActiveMQ 5.14.0 (localhost, ID:frederic-pc-42771-1473422199282-0:1) uptime 8.756 seconds
2016-09-09 13:56:47 INFO  BrokerService:870 - Apache ActiveMQ 5.14.0 (localhost, ID:frederic-pc-42771-1473422199282-0:1) is shutdown
]]></system-out>
  <system-err><![CDATA[]]></system-err>
</testsuite>
