<?xml version="1.0" encoding="UTF-8"?>
<testsuite name="de.lancom.systems.stomp.wire.InputStreamTest" tests="3" skipped="0" failures="0" errors="0" timestamp="2016-09-09T10:18:35" hostname="frederic-pc" time="0.487">
  <properties/>
  <testcase name="readQueue" classname="de.lancom.systems.stomp.wire.InputStreamTest" time="0.159"/>
  <testcase name="readTopic" classname="de.lancom.systems.stomp.wire.InputStreamTest" time="0.207"/>
  <testcase name="sendMessage" classname="de.lancom.systems.stomp.wire.InputStreamTest" time="0.121"/>
  <system-out><![CDATA[2016-09-09 12:18:35 INFO  BrokerService:670 - Using Persistence Adapter: MemoryPersistenceAdapter
2016-09-09 12:18:35 INFO  ManagementContext:155 - JMX consoles can connect to service:jmx:rmi:///jndi/rmi://localhost:1099/jmxrmi
2016-09-09 12:18:35 INFO  BrokerService:733 - Apache ActiveMQ 5.14.0 (localhost, ID:frederic-pc-42723-1473416315766-0:1) is starting
2016-09-09 12:18:35 INFO  TransportServerThreadSupport:69 - Listening for connections at: stomp+nio://localhost:36995
2016-09-09 12:18:35 INFO  TransportConnector:263 - Connector stomp+nio://localhost:36995 started
2016-09-09 12:18:35 INFO  BrokerService:760 - Apache ActiveMQ 5.14.0 (localhost, ID:frederic-pc-42723-1473416315766-0:1) started
2016-09-09 12:18:35 INFO  BrokerService:761 - For help or more information please see: http://activemq.apache.org
2016-09-09 12:18:35 WARN  BrokerService:2098 - Temporary Store limit is 51200 mb (current store usage is 0 mb). The data directory: /home/frederic/Projekte/lancom/stomp/core only has 10880 mb of usable space. - resetting to maximum available disk space: 10880 mb
2016-09-09 12:18:36 WARN  ProtocolConverter:285 - Exception occurred processing: <Unknown> -> org.apache.activemq.transport.stomp.ProtocolException: No subscription matched.
2016-09-09 12:18:38 WARN  ProtocolConverter:285 - Exception occurred processing: <Unknown> -> org.apache.activemq.transport.stomp.ProtocolException: No subscription matched.
2016-09-09 12:18:40 WARN  ProtocolConverter:285 - Exception occurred processing: <Unknown> -> org.apache.activemq.transport.stomp.ProtocolException: No subscription matched.
2016-09-09 12:18:44 INFO  BrokerService:807 - Apache ActiveMQ 5.14.0 (localhost, ID:frederic-pc-42723-1473416315766-0:1) is shutting down
2016-09-09 12:18:44 INFO  TransportConnector:294 - Connector stomp+nio://localhost:36995 stopped
2016-09-09 12:18:44 INFO  TcpTransportServer:485 - socketQueue interrupted - stopping
2016-09-09 12:18:44 INFO  TransportConnector:243 - Could not accept connection during shutdown  : {}
java.lang.InterruptedException
	at java.util.concurrent.locks.AbstractQueuedSynchronizer$ConditionObject.reportInterruptAfterWait(AbstractQueuedSynchronizer.java:2014)
	at java.util.concurrent.locks.AbstractQueuedSynchronizer$ConditionObject.awaitNanos(AbstractQueuedSynchronizer.java:2088)
	at java.util.concurrent.LinkedBlockingQueue.poll(LinkedBlockingQueue.java:467)
	at org.apache.activemq.transport.tcp.TcpTransportServer$1.run(TcpTransportServer.java:468)
	at java.lang.Thread.run(Thread.java:745)
2016-09-09 12:18:44 INFO  BrokerService:868 - Apache ActiveMQ 5.14.0 (localhost, ID:frederic-pc-42723-1473416315766-0:1) uptime 8.725 seconds
2016-09-09 12:18:44 INFO  BrokerService:870 - Apache ActiveMQ 5.14.0 (localhost, ID:frederic-pc-42723-1473416315766-0:1) is shutdown
]]></system-out>
  <system-err><![CDATA[]]></system-err>
</testsuite>
